#
# There is insufficient memory for the Java Runtime Environment to continue.
# Native memory allocation (mmap) failed to map 257949696 bytes for G1 virtual space
# Possible reasons:
#   The system is out of physical RAM or swap space
#   The process is running with CompressedOops enabled, and the Java Heap may be blocking the growth of the native heap
# Possible solutions:
#   Reduce memory load on the system
#   Increase physical memory or swap space
#   Check if swap backing store is full
#   Decrease Java heap size (-Xmx/-Xms)
#   Decrease number of Java threads
#   Decrease Java thread stack sizes (-Xss)
#   Set larger code cache with -XX:ReservedCodeCacheSize=
#   JVM is running with Zero Based Compressed Oops mode in which the Java heap is
#     placed in the first 32GB address space. The Java Heap base address is the
#     maximum limit for the native heap growth. Please use -XX:HeapBaseMinAddress
#     to set the Java Heap base and to place the Java Heap above 32GB virtual address.
# This output file may be truncated or incomplete.
#
#  Out of Memory Error (os_windows.cpp:3771), pid=30588, tid=11328
#
# JRE version:  (17.0.7) (build )
# Java VM: OpenJDK 64-Bit Server VM (17.0.7+0-b2043.56-10550314, mixed mode, sharing, tiered, compressed oops, compressed class ptrs, g1 gc, windows-amd64)
# No core dump will be written. Minidumps are not enabled by default on client versions of Windows
#

---------------  S U M M A R Y ------------

Command Line: org.jetbrains.kotlin.cli.jvm.K2JVMCompiler @C:\Users\cthut\Documents\GitHub\Android_kotlin_ProjectSamples\ShoppingApp\app\build\20240212_14539566688229743968.compiler.options

Host: AMD Ryzen 5 4500U with Radeon Graphics         , 6 cores, 15G,  Windows 11 , 64 bit Build 22621 (10.0.22621.2506)
Time: Mon Feb 12 11:06:18 2024 Korea Standard Time elapsed time: 0.015003 seconds (0d 0h 0m 0s)

---------------  T H R E A D  ---------------

Current thread (0x000001d5aa692520):  JavaThread "Unknown thread" [_thread_in_vm, id=11328, stack(0x000000181ca00000,0x000000181cb00000)]

Stack: [0x000000181ca00000,0x000000181cb00000]
Native frames: (J=compiled Java code, j=interpreted, Vv=VM code, C=native code)
V  [jvm.dll+0x683bfa]
V  [jvm.dll+0x8430a4]
V  [jvm.dll+0x8449be]
V  [jvm.dll+0x845023]
V  [jvm.dll+0x24ad2f]
V  [jvm.dll+0x680ac9]
V  [jvm.dll+0x67519a]
V  [jvm.dll+0x30b3cb]
V  [jvm.dll+0x312876]
V  [jvm.dll+0x36221e]
V  [jvm.dll+0x36244f]
V  [jvm.dll+0x2e14a8]
V  [jvm.dll+0x2e2414]
V  [jvm.dll+0x814391]
V  [jvm.dll+0x36ffe1]
V  [jvm.dll+0x7f396c]
V  [jvm.dll+0x3f305f]
V  [jvm.dll+0x3f4b91]
C  [jli.dll+0x528f]
C  [ucrtbase.dll+0x29363]
C  [KERNEL32.DLL+0x1257d]
C  [ntdll.dll+0x5aa58]


---------------  P R O C E S S  ---------------

Threads class SMR info:
_java_thread_list=0x00007ffdac98d098, length=0, elements={
}

Java Threads: ( => current thread )

Other Threads:
  0x000001d5aa6facb0 GCTaskThread "GC Thread#0" [stack: 0x000000181cb00000,0x000000181cc00000] [id=2448]
  0x000001d5aa70b1c0 ConcurrentGCThread "G1 Main Marker" [stack: 0x000000181cc00000,0x000000181cd00000] [id=23956]
  0x000001d5aa70dae0 ConcurrentGCThread "G1 Conc#0" [stack: 0x000000181cd00000,0x000000181ce00000] [id=10152]

[error occurred during error reporting (printing all threads), id 0xc0000005, EXCEPTION_ACCESS_VIOLATION (0xc0000005) at pc=0x00007ffdac142087]

VM state: not at safepoint (not fully initialized)

VM Mutex/Monitor currently owned by a thread:  ([mutex/lock_event])
[0x000001d5a853a0d0] Heap_lock - owner thread: 0x000001d5aa692520

Heap address: 0x000000070a200000, size: 3934 MB, Compressed Oops mode: Zero based, Oop shift amount: 3

CDS archive(s) mapped at: [0x0000000000000000-0x0000000000000000-0x0000000000000000), size 0, SharedBaseAddress: 0x0000000800000000, ArchiveRelocationMode: 0.
Narrow klass base: 0x0000000000000000, Narrow klass shift: 0, Narrow klass range: 0x0

GC Precious Log:
<Empty>

Heap:
 garbage-first heap   total 0K, used 0K [0x000000070a200000, 0x0000000800000000)
  region size 2048K, 0 young (0K), 0 survivors (0K)
 Metaspace       used 0K, committed 0K, reserved 0K
  class space    used 0K, committed 0K, reserved 0K

Heap Regions: E=young(eden), S=young(survivor), O=old, HS=humongous(starts), HC=humongous(continues), CS=collection set, F=free, OA=open archive, CA=closed archive, TAMS=top-at-mark-start (previous, next)

Card table byte_map: [0x000001d5bd420000,0x000001d5bdbd0000] _byte_map_base: 0x000001d5b9bcf000

Marking Bits (Prev, Next): (CMBitMap*) 0x000001d5aa6fb2c0, (CMBitMap*) 0x000001d5aa6fb300
 Prev Bits: [0x000001d5be380000, 0x000001d5c20f8000)
 Next Bits: [0x000001d5c2100000, 0x000001d5c5e78000)

GC Heap History (0 events):
No events

Dll operation events (1 events):
Event: 0.008 Loaded shared library C:\Program Files\Android\Android Studio_NEW\jbr\bin\java.dll

Deoptimization events (0 events):
No events

Classes unloaded (0 events):
No events

Classes redefined (0 events):
No events

Internal exceptions (0 events):
No events

VM Operations (0 events):
No events

Events (0 events):
No events


Dynamic libraries:
0x00007ff62d6b0000 - 0x00007ff62d6ba000 	C:\Program Files\Android\Android Studio_NEW\jbr\bin\java.exe
0x00007ffe2d730000 - 0x00007ffe2d947000 	C:\WINDOWS\SYSTEM32\ntdll.dll
0x00007ffe2cd60000 - 0x00007ffe2ce24000 	C:\WINDOWS\System32\KERNEL32.DLL
0x00007ffe2ac40000 - 0x00007ffe2afe6000 	C:\WINDOWS\System32\KERNELBASE.dll
0x00007ffe2b120000 - 0x00007ffe2b231000 	C:\WINDOWS\System32\ucrtbase.dll
0x00007ffe21370000 - 0x00007ffe21387000 	C:\Program Files\Android\Android Studio_NEW\jbr\bin\jli.dll
0x00007ffe212a0000 - 0x00007ffe212bb000 	C:\Program Files\Android\Android Studio_NEW\jbr\bin\VCRUNTIME140.dll
0x00007ffe2b6c0000 - 0x00007ffe2b86e000 	C:\WINDOWS\System32\USER32.dll
0x00007ffe2b450000 - 0x00007ffe2b476000 	C:\WINDOWS\System32\win32u.dll
0x00007ffe2bd30000 - 0x00007ffe2bd59000 	C:\WINDOWS\System32\GDI32.dll
0x00007ffe135e0000 - 0x00007ffe13873000 	C:\WINDOWS\WinSxS\amd64_microsoft.windows.common-controls_6595b64144ccf1df_6.0.22621.2506_none_270c5ae97388e100\COMCTL32.dll
0x00007ffe2aa70000 - 0x00007ffe2ab88000 	C:\WINDOWS\System32\gdi32full.dll
0x00007ffe2b480000 - 0x00007ffe2b527000 	C:\WINDOWS\System32\msvcrt.dll
0x00007ffe2b240000 - 0x00007ffe2b2da000 	C:\WINDOWS\System32\msvcp_win.dll
0x00007ffe2bdf0000 - 0x00007ffe2be21000 	C:\WINDOWS\System32\IMM32.DLL
0x00007ffe24fe0000 - 0x00007ffe24fec000 	C:\Program Files\Android\Android Studio_NEW\jbr\bin\vcruntime140_1.dll
0x00007ffe01740000 - 0x00007ffe017cd000 	C:\Program Files\Android\Android Studio_NEW\jbr\bin\msvcp140.dll
0x00007ffdabe50000 - 0x00007ffdacad0000 	C:\Program Files\Android\Android Studio_NEW\jbr\bin\server\jvm.dll
0x00007ffe2bc70000 - 0x00007ffe2bd23000 	C:\WINDOWS\System32\ADVAPI32.dll
0x00007ffe2be30000 - 0x00007ffe2bed8000 	C:\WINDOWS\System32\sechost.dll
0x00007ffe2ab90000 - 0x00007ffe2abb8000 	C:\WINDOWS\System32\bcrypt.dll
0x00007ffe2c750000 - 0x00007ffe2c867000 	C:\WINDOWS\System32\RPCRT4.dll
0x00007ffe0b500000 - 0x00007ffe0b509000 	C:\WINDOWS\SYSTEM32\WSOCK32.dll
0x00007ffe215e0000 - 0x00007ffe21614000 	C:\WINDOWS\SYSTEM32\WINMM.dll
0x00007ffe21620000 - 0x00007ffe2162a000 	C:\WINDOWS\SYSTEM32\VERSION.dll
0x00007ffe2bd70000 - 0x00007ffe2bde1000 	C:\WINDOWS\System32\WS2_32.dll
0x00007ffe29aa0000 - 0x00007ffe29ab8000 	C:\WINDOWS\SYSTEM32\kernel.appcore.dll
0x00007ffe287c0000 - 0x00007ffe287ca000 	C:\Program Files\Android\Android Studio_NEW\jbr\bin\jimage.dll
0x00007ffe28410000 - 0x00007ffe28643000 	C:\WINDOWS\SYSTEM32\DBGHELP.DLL
0x00007ffe2cea0000 - 0x00007ffe2d229000 	C:\WINDOWS\System32\combase.dll
0x00007ffe2d250000 - 0x00007ffe2d327000 	C:\WINDOWS\System32\OLEAUT32.dll
0x00007ffe0d1b0000 - 0x00007ffe0d1e2000 	C:\WINDOWS\SYSTEM32\dbgcore.DLL
0x00007ffe2abc0000 - 0x00007ffe2ac3a000 	C:\WINDOWS\System32\bcryptPrimitives.dll
0x00007ffe28680000 - 0x00007ffe286a5000 	C:\Program Files\Android\Android Studio_NEW\jbr\bin\java.dll

dbghelp: loaded successfully - version: 4.0.5 - missing functions: none
symbol engine: initialized successfully - sym options: 0x614 - pdb path: .;C:\Program Files\Android\Android Studio_NEW\jbr\bin;C:\WINDOWS\SYSTEM32;C:\WINDOWS\WinSxS\amd64_microsoft.windows.common-controls_6595b64144ccf1df_6.0.22621.2506_none_270c5ae97388e100;C:\Program Files\Android\Android Studio_NEW\jbr\bin\server

VM Arguments:
java_command: org.jetbrains.kotlin.cli.jvm.K2JVMCompiler @C:\Users\cthut\Documents\GitHub\Android_kotlin_ProjectSamples\ShoppingApp\app\build\20240212_14539566688229743968.compiler.options
java_class_path (initial): C:\Users\cthut\.gradle\caches\modules-2\files-2.1\org.jetbrains.kotlin\kotlin-compiler-embeddable\1.9.0\2c8c3a7402becca891f12739b3e9fd2dc2adbd7a\kotlin-compiler-embeddable-1.9.0.jar;C:\Users\cthut\.gradle\caches\modules-2\files-2.1\org.jetbrains.kotlin\kotlin-stdlib\1.9.0\8ee15ef0c67dc83d874f412d84378d7f0eb50b63\kotlin-stdlib-1.9.0.jar;C:\Users\cthut\.gradle\caches\modules-2\files-2.1\org.jetbrains.kotlin\kotlin-script-runtime\1.9.0\4b3102cbbb7e1b58d9d1adf89563f00069ffa7d1\kotlin-script-runtime-1.9.0.jar;C:\Users\cthut\.gradle\caches\modules-2\files-2.1\org.jetbrains.kotlin\kotlin-reflect\1.6.10\1cbe9c92c12a94eea200d23c2bbaedaf3daf5132\kotlin-reflect-1.6.10.jar;C:\Users\cthut\.gradle\caches\modules-2\files-2.1\org.jetbrains.kotlin\kotlin-daemon-embeddable\1.9.0\186543f5e28cf8d9a0290fecc2cf34301c40a65c\kotlin-daemon-embeddable-1.9.0.jar;C:\Users\cthut\.gradle\caches\modules-2\files-2.1\org.jetbrains.intellij.deps\trove4j\1.0.20200330\3afb14d5f9ceb459d724e907a21145e8ff394f02\trove4j-1.0.20200330.jar;C:\Users\cthut\.gradle\caches\modules-2\files-2.1\org.jetbrains.kotlin\kotlin-stdlib-common\1.9.0\cd65c21cfd1eec4d44ef09f9f52b6d9f8a720636\kotlin-stdlib-common-1.9.0.jar;C:\Users\cthut\.gradle\caches\modules-2\files-2.1\org.jetbrains\annotations\13.0\919f0dfe192fb4e063e7dacadee7f8bb9a2672a9\annotations-13.0.jar
Launcher Type: SUN_STANDARD

[Global flags]
     intx CICompilerCount                          = 3                                         {product} {ergonomic}
     uint ConcGCThreads                            = 2                                         {product} {ergonomic}
     uint G1ConcRefinementThreads                  = 6                                         {product} {ergonomic}
   size_t G1HeapRegionSize                         = 2097152                                   {product} {ergonomic}
    uintx GCDrainStackTargetSize                   = 64                                        {product} {ergonomic}
   size_t InitialHeapSize                          = 257949696                                 {product} {ergonomic}
   size_t MarkStackSize                            = 4194304                                   {product} {ergonomic}
   size_t MaxHeapSize                              = 4125097984                                {product} {ergonomic}
   size_t MinHeapDeltaBytes                        = 2097152                                   {product} {ergonomic}
   size_t MinHeapSize                              = 8388608                                   {product} {ergonomic}
    uintx NonNMethodCodeHeapSize                   = 5832780                                {pd product} {ergonomic}
    uintx NonProfiledCodeHeapSize                  = 122912730                              {pd product} {ergonomic}
    uintx ProfiledCodeHeapSize                     = 122912730                              {pd product} {ergonomic}
    uintx ReservedCodeCacheSize                    = 251658240                              {pd product} {ergonomic}
     bool SegmentedCodeCache                       = true                                      {product} {ergonomic}
   size_t SoftMaxHeapSize                          = 4125097984                             {manageable} {ergonomic}
     bool UseCompressedClassPointers               = true                           {product lp64_product} {ergonomic}
     bool UseCompressedOops                        = true                           {product lp64_product} {ergonomic}
     bool UseG1GC                                  = true                                      {product} {ergonomic}
     bool UseLargePagesIndividualAllocation        = false                                  {pd product} {ergonomic}

Logging:
Log output configuration:
 #0: stdout all=warning uptime,level,tags
 #1: stderr all=off uptime,level,tags

Environment Variables:
JAVA_HOME=c:\Program Files\Java\jdk-19
PATH=C:\Program Files (x86)\Common Files\Oracle\Java\javapath;C:\Program Files\Common Files\Oracle\Java\javapath;C:\WINDOWS\system32;C:\WINDOWS;C:\WINDOWS\System32\Wbem;C:\WINDOWS\System32\WindowsPowerShell\v1.0\;C:\WINDOWS\System32\OpenSSH\;c:\WORKS\SOFTWARES\apache-maven-3.8.6\bin;C:\Program Files\Git\cmd;C:\Program Files\nodejs\;C:\Program Files\Docker\Docker\resources\bin;C:\Program Files\SourceGear\Common\DiffMerge\;C:\Users\cthut\AppData\Local\Microsoft\WindowsApps;C:\Users\cthut\AppData\Local\GitHubDesktop\bin;C:\Users\cthut\AppData\Local\Programs\Microsoft VS Code\bin;C:\Windows\system32;C:\Users\cthut\AppData\Local\Microsoft\WindowsApps;C:\Users\cthut\AppData\Roaming\npm;C:\Program Files\Java\jdk-15.0.1\bin;c:\Program Files\PostgreSQL\10\bin\;;C:\Program Files\JetBrains\IntelliJ IDEA 2023.3.2\bin;
USERNAME=cthut
OS=Windows_NT
PROCESSOR_IDENTIFIER=AMD64 Family 23 Model 96 Stepping 1, AuthenticAMD
TMP=C:\Users\cthut\AppData\Local\Temp
TEMP=C:\Users\cthut\AppData\Local\Temp


JNI global refs:
JNI global refs: 0, weak refs: 0

JNI global refs memory usage: 0, weak refs: 0

OOME stack traces (most recent first):
Classloader memory used:


---------------  S Y S T E M  ---------------

OS:
 Windows 11 , 64 bit Build 22621 (10.0.22621.2506)
OS uptime: 8 days 14:11 hours
Hyper-V role detected

CPU: total 6 (initial active 6) (6 cores per cpu, 1 threads per core) family 23 model 96 stepping 1 microcode 0x0, cx8, cmov, fxsr, mmx, 3dnowpref, sse, sse2, sse3, ssse3, sse4a, sse4.1, sse4.2, popcnt, lzcnt, tsc, tscinvbit, avx, avx2, aes, clmul, bmi1, bmi2, adx, sha, fma, vzeroupper, clflush, clflushopt, hv

Memory: 4k page, system-wide physical 15733M (1161M free)
TotalPageFile size 36336M (AvailPageFile size 179M)
current process WorkingSet (physical memory assigned to process): 11M, peak: 11M
current process commit charge ("private bytes"): 56M, peak: 302M

vm_info: OpenJDK 64-Bit Server VM (17.0.7+0-b2043.56-10550314) for windows-amd64 JRE (17.0.7+0-b2043.56-10550314), built on Jul 24 2023 18:27:45 by "androidbuild" with MS VC++ 16.10 / 16.11 (VS2019)

END.
